This is pdfTeX, Version 3.1415926-2.4-1.40.13 (MiKTeX 2.9 64-bit) (preloaded format=latex 2013.6.10)  17 JUL 2013 15:38
entering extended mode
**nnnall.tex
(C:\Users\Samson\Documents\Research\nnnall.tex
LaTeX2e <2011/06/27>
Babel <v3.8m> and hyphenation patterns for english, afrikaans, ancientgreek, arabic, armenian, assamese, basque, bengali
, bokmal, bulgarian, catalan, coptic, croatian, czech, danish, dutch, esperanto, estonian, farsi, finnish, french, galic
ian, german, german-x-2012-05-30, greek, gujarati, hindi, hungarian, icelandic, indonesian, interlingua, irish, italian,
 kannada, kurmanji, latin, latvian, lithuanian, malayalam, marathi, mongolian, mongolianlmc, monogreek, ngerman, ngerman
-x-2012-05-30, nynorsk, oriya, panjabi, pinyin, polish, portuguese, romanian, russian, sanskrit, serbian, slovak, sloven
ian, spanish, swedish, swissgerman, tamil, telugu, turkish, turkmen, ukenglish, ukrainian, uppersorbian, usenglishmax, w
elsh, loaded.
("C:\Program Files\MiKTeX 2.9\tex\latex\base\article.cls"
Document Class: article 2007/10/19 v1.4h Standard LaTeX document class
("C:\Program Files\MiKTeX 2.9\tex\latex\base\size12.clo"
File: size12.clo 2007/10/19 v1.4h Standard LaTeX file (size option)
)
\c@part=\count79
\c@section=\count80
\c@subsection=\count81
\c@subsubsection=\count82
\c@paragraph=\count83
\c@subparagraph=\count84
\c@figure=\count85
\c@table=\count86
\abovecaptionskip=\skip41
\belowcaptionskip=\skip42
\bibindent=\dimen102
) ("C:\Program Files\MiKTeX 2.9\tex\latex\base\latexsym.sty"
Package: latexsym 1998/08/17 v2.2e Standard LaTeX package (lasy symbols)
\symlasy=\mathgroup4
LaTeX Font Info:    Overwriting symbol font `lasy' in version `bold'
(Font)                  U/lasy/m/n --> U/lasy/b/n on input line 47.
)
("C:\Program Files\MiKTeX 2.9\tex\latex\graphics\graphicx.sty"
Package: graphicx 1999/02/16 v1.0f Enhanced LaTeX Graphics (DPC,SPQR)

("C:\Program Files\MiKTeX 2.9\tex\latex\graphics\keyval.sty"
Package: keyval 1999/03/16 v1.13 key=value parser (DPC)
\KV@toks@=\toks14
)
("C:\Program Files\MiKTeX 2.9\tex\latex\graphics\graphics.sty"
Package: graphics 2009/02/05 v1.0o Standard LaTeX Graphics (DPC,SPQR)
 ("C:\Program Files\MiKTeX 2.9\tex\latex\graphics\trig.sty"
Package: trig 1999/03/16 v1.09 sin cos tan (DPC)
) ("C:\Program Files\MiKTeX 2.9\tex\latex\00miktex\graphics.cfg"
File: graphics.cfg 2007/01/18 v1.5 graphics configuration of teTeX/TeXLive
)
Package graphics Info: Driver file: dvips.def on input line 91.

("C:\Program Files\MiKTeX 2.9\tex\latex\graphics\dvips.def"
File: dvips.def 1999/02/16 v3.0i Driver-dependant file (DPC,SPQR)
))
\Gin@req@height=\dimen103
\Gin@req@width=\dimen104
) (C:\Users\Samson\Documents\Research\nnnall.aux)
LaTeX Font Info:    Checking defaults for OML/cmm/m/it on input line 37.
LaTeX Font Info:    ... okay on input line 37.
LaTeX Font Info:    Checking defaults for T1/cmr/m/n on input line 37.
LaTeX Font Info:    ... okay on input line 37.
LaTeX Font Info:    Checking defaults for OT1/cmr/m/n on input line 37.
LaTeX Font Info:    ... okay on input line 37.
LaTeX Font Info:    Checking defaults for OMS/cmsy/m/n on input line 37.
LaTeX Font Info:    ... okay on input line 37.
LaTeX Font Info:    Checking defaults for OMX/cmex/m/n on input line 37.
LaTeX Font Info:    ... okay on input line 37.
LaTeX Font Info:    Checking defaults for U/cmr/m/n on input line 37.
LaTeX Font Info:    ... okay on input line 37.

(C:\Users\Samson\Documents\Research\nnnnnns3.tex
LaTeX Font Info:    External font `cmex10' loaded for size
(Font)              <12> on input line 6.
LaTeX Font Info:    External font `cmex10' loaded for size
(Font)              <8> on input line 6.
LaTeX Font Info:    External font `cmex10' loaded for size
(Font)              <6> on input line 6.
LaTeX Font Info:    Try loading font information for U+lasy on input line 6.
 ("C:\Program Files\MiKTeX 2.9\tex\latex\base\ulasy.fd"
File: ulasy.fd 1998/08/17 v2.2e LaTeX symbol font definitions
) [1

]
Underfull \hbox (badness 10000) in paragraph at lines 82--94

 []

[2] [3]
Underfull \hbox (badness 10000) in paragraph at lines 168--179

 []

[4]
LaTeX Font Info:    External font `cmex10' loaded for size
(Font)              <10.95> on input line 228.


LaTeX Warning: Reference `fig2p1' on page 5 undefined on input line 246.


Underfull \hbox (badness 10000) in paragraph at lines 238--255

 []

[5]
Underfull \hbox (badness 10000) in paragraph at lines 257--274

 []


Underfull \hbox (badness 10000) in paragraph at lines 278--294

 []


Underfull \hbox (badness 10000) in paragraph at lines 296--332

 []

[6] [7] [8] [9] [10]

LaTeX Warning: Citation `BFPRT' on page 11 undefined on input line 524.


LaTeX Warning: Reference `fig2p1' on page 11 undefined on input line 556.

[11]
Overfull \hbox (1.65767pt too wide) in paragraph at lines 566--592
\OT1/cmr/m/n/12 re-set to 11. The re-vised ver-sion of $\OML/cmm/m/it/12 R$ \OT1/cmr/m/n/12 will then be $\OMS/cmsy/m/n/
12 f\OT1/cmr/m/n/12 15\OML/cmm/m/it/12 ; \OT1/cmr/m/n/12 15\OML/cmm/m/it/12 ; \OT1/cmr/m/n/12 17\OML/cmm/m/it/12 ; \OT1/
cmr/m/n/12 17\OML/cmm/m/it/12 ; \OT1/cmr/m/n/12 16\OML/cmm/m/it/12 ; \OT1/cmr/m/n/12 16\OML/cmm/m/it/12 ; \OT1/cmr/m/n/1
2 15\OML/cmm/m/it/12 ; \OT1/cmr/m/n/12 15\OML/cmm/m/it/12 ; \OT1/cmr/m/n/12 20\OML/cmm/m/it/12 ; \OT1/cmr/m/n/12 28\OML/
cmm/m/it/12 ; \OT1/cmr/m/n/12 22\OML/cmm/m/it/12 ;$
 []

[12] [13]) (C:\Users\Samson\Documents\Research\nnnall.bbl

LaTeX Warning: Empty `thebibliography' environment on input line 3.

) [14] (C:\Users\Samson\Documents\Research\nnnall.aux)

LaTeX Warning: There were undefined references.

 )
(\end occurred inside a group at level 3)

### simple group (level 3) entered at line 297 ({)
### simple group (level 2) entered at line 258 ({)
### simple group (level 1) entered at line 97 ({)
### bottom level 
Here is how much of TeX's memory you used:
 607 strings out of 493922
 7523 string characters out of 3147302
 64462 words of memory out of 3000000
 3938 multiletter control sequences out of 15000+200000
 10251 words of font info for 38 fonts, out of 3000000 for 9000
 841 hyphenation exceptions out of 8191
 25i,5n,19p,606b,254s stack positions out of 5000i,500n,10000p,200000b,50000s

Output written on nnnall.dvi (14 pages, 45356 bytes).
