This is pdfTeX, Version 3.1415926-2.4-1.40.13 (MiKTeX 2.9 64-bit) (preloaded format=pdflatex 2014.8.13)  2 MAY 2016 17:39
entering extended mode
**Notes.tex
("C:\Users\Samson\Dropbox\Research\Parametric Max-min\Notes.tex"
LaTeX2e <2011/06/27>
Babel <v3.8m> and hyphenation patterns for loaded.
("C:\Program Files\MiKTeX 2.9\tex/latex\base\article.cls"
Document Class: article 2007/10/19 v1.4h Standard LaTeX document class
("C:\Program Files\MiKTeX 2.9\tex/latex\base\size12.clo"
File: size12.clo 2007/10/19 v1.4h Standard LaTeX file (size option)
)
\c@part=\count79
\c@section=\count80
\c@subsection=\count81
\c@subsubsection=\count82
\c@paragraph=\count83
\c@subparagraph=\count84
\c@figure=\count85
\c@table=\count86
\abovecaptionskip=\skip41
\belowcaptionskip=\skip42
\bibindent=\dimen102
)
\c@define=\count87
 ("C:\Program Files\MiKTeX 2.9\tex/latex\amsmath\amsmath.sty"
Package: amsmath 2013/01/14 v2.14 AMS math features
\@mathmargin=\skip43

For additional information on amsmath, use the `?' option.
("C:\Program Files\MiKTeX 2.9\tex/latex\amsmath\amstext.sty"
Package: amstext 2000/06/29 v2.01
 ("C:\Program Files\MiKTeX 2.9\tex/latex\amsmath\amsgen.sty"
File: amsgen.sty 1999/11/30 v2.0
\@emptytoks=\toks14
\ex@=\dimen103
)) ("C:\Program Files\MiKTeX 2.9\tex/latex\amsmath\amsbsy.sty"
Package: amsbsy 1999/11/29 v1.2d
\pmbraise@=\dimen104
)
("C:\Program Files\MiKTeX 2.9\tex/latex\amsmath\amsopn.sty"
Package: amsopn 1999/12/14 v2.01 operator names
)
\inf@bad=\count88
LaTeX Info: Redefining \frac on input line 210.
\uproot@=\count89
\leftroot@=\count90
LaTeX Info: Redefining \overline on input line 306.
\classnum@=\count91
\DOTSCASE@=\count92
LaTeX Info: Redefining \ldots on input line 378.
LaTeX Info: Redefining \dots on input line 381.
LaTeX Info: Redefining \cdots on input line 466.
\Mathstrutbox@=\box26
\strutbox@=\box27
\big@size=\dimen105
LaTeX Font Info:    Redeclaring font encoding OML on input line 566.
LaTeX Font Info:    Redeclaring font encoding OMS on input line 567.
\macc@depth=\count93
\c@MaxMatrixCols=\count94
\dotsspace@=\muskip10
\c@parentequation=\count95
\dspbrk@lvl=\count96
\tag@help=\toks15
\row@=\count97
\column@=\count98
\maxfields@=\count99
\andhelp@=\toks16
\eqnshift@=\dimen106
\alignsep@=\dimen107
\tagshift@=\dimen108
\tagwidth@=\dimen109
\totwidth@=\dimen110
\lineht@=\dimen111
\@envbody=\toks17
\multlinegap=\skip44
\multlinetaggap=\skip45
\mathdisplay@stack=\toks18
LaTeX Info: Redefining \[ on input line 2665.
LaTeX Info: Redefining \] on input line 2666.
)
("C:\Program Files\MiKTeX 2.9\tex/latex\amsfonts\amssymb.sty"
Package: amssymb 2013/01/14 v3.01 AMS font symbols

("C:\Program Files\MiKTeX 2.9\tex/latex\amsfonts\amsfonts.sty"
Package: amsfonts 2013/01/14 v3.01 Basic AMSFonts support
\symAMSa=\mathgroup4
\symAMSb=\mathgroup5
LaTeX Font Info:    Overwriting math alphabet `\mathfrak' in version `bold'
(Font)                  U/euf/m/n --> U/euf/b/n on input line 106.
))
("C:\Program Files\MiKTeX 2.9\tex/latex\graphics\color.sty"
Package: color 2005/11/14 v1.0j Standard LaTeX Color (DPC)
 ("C:\Program Files\MiKTeX 2.9\tex/latex\00miktex\color.cfg"
File: color.cfg 2007/01/18 v1.5 color configuration of teTeX/TeXLive
)
Package color Info: Driver file: pdftex.def on input line 130.
("C:\Program Files\MiKTeX 2.9\tex/latex\pdftex-def\pdftex.def"
File: pdftex.def 2011/05/27 v0.06d Graphics/color for pdfTeX

("C:\Program Files\MiKTeX 2.9\tex/generic\oberdiek\infwarerr.sty"
Package: infwarerr 2010/04/08 v1.3 Providing info/warning/error messages (HO)
)
("C:\Program Files\MiKTeX 2.9\tex/generic\oberdiek\ltxcmds.sty"
Package: ltxcmds 2011/11/09 v1.22 LaTeX kernel commands for general use (HO)
)
\Gread@gobject=\count100
))
("C:\Program Files\MiKTeX 2.9\tex/latex\setspace\setspace.sty"
Package: setspace 2011/12/19 v6.7a set line spacing
)
(C:\Users\Samson\AppData\Roaming\MiKTeX\2.9\tex\latex\cancel\cancel.sty
Package: cancel 2013/04/12 v2.2 Cancel math terms
)
(C:\Users\Samson\AppData\Roaming\MiKTeX\2.9\tex\latex\enumitem\enumitem.sty
Package: enumitem 2011/09/28 v3.5.2 Customized lists
\enitkv@toks@=\toks19
\labelindent=\skip46
\enit@outerparindent=\dimen112
\enit@toks=\toks20
\enit@inbox=\box28
\enitdp@description=\count101
)
("C:\Program Files\MiKTeX 2.9\tex/latex\multirow\multirow.sty"
\bigstrutjot=\dimen113
)
(C:\Users\Samson\AppData\Roaming\MiKTeX\2.9\tex\latex\mdframed\mdframed.sty
Package: mdframed 2013/07/01 1.9b: mdframed

("C:\Program Files\MiKTeX 2.9\tex/latex\oberdiek\kvoptions.sty"
Package: kvoptions 2011/06/30 v3.11 Key value format for package options (HO)

("C:\Program Files\MiKTeX 2.9\tex/latex\graphics\keyval.sty"
Package: keyval 1999/03/16 v1.13 key=value parser (DPC)
\KV@toks@=\toks21
)
("C:\Program Files\MiKTeX 2.9\tex/generic\oberdiek\kvsetkeys.sty"
Package: kvsetkeys 2012/04/25 v1.16 Key value parser (HO)

("C:\Program Files\MiKTeX 2.9\tex/generic\oberdiek\etexcmds.sty"
Package: etexcmds 2011/02/16 v1.5 Avoid name clashes with e-TeX commands (HO)

("C:\Program Files\MiKTeX 2.9\tex/generic\oberdiek\ifluatex.sty"
Package: ifluatex 2010/03/01 v1.3 Provides the ifluatex switch (HO)
Package ifluatex Info: LuaTeX not detected.
)
Package etexcmds Info: Could not find \expanded.
(etexcmds)             That can mean that you are not using pdfTeX 1.50 or
(etexcmds)             that some package has redefined \expanded.
(etexcmds)             In the latter case, load this package earlier.
)))
(C:\Users\Samson\AppData\Roaming\MiKTeX\2.9\tex\latex\l3packages\xparse\xparse.sty
(C:\Users\Samson\AppData\Roaming\MiKTeX\2.9\tex\latex\l3kernel\expl3.sty
Package: expl3 2015/03/01 v5547 L3 programming layer (loader) 

(C:\Users\Samson\AppData\Roaming\MiKTeX\2.9\tex\latex\l3kernel\expl3-code.tex
Package: expl3 2015/03/01 v5547 L3 programming layer (code) 
L3 Module: l3bootstrap 2015/02/28 v5542 L3 Bootstrap code

("C:\Program Files\MiKTeX 2.9\tex/latex\misc\etex.sty"
Package: etex 1998/03/26 v2.0 eTeX basic definition package (PEB)
\et@xins=\count102
)
L3 Module: l3names 2015/02/24 v5535 L3 Namespace for primitives
L3 Module: l3basics 2015/01/27 v5500 L3 Basic definitions
L3 Module: l3expan 2014/11/27 v5472 L3 Argument expansion
L3 Module: l3tl 2015/01/27 v5500 L3 Token lists
L3 Module: l3str 2015/03/01 v5545 L3 Strings
L3 Module: l3seq 2014/08/23 v5354 L3 Sequences and stacks
L3 Module: l3int 2015/02/21 v5529 L3 Integers
\c_max_int=\count103
\l_tmpa_int=\count104
\l_tmpb_int=\count105
\g_tmpa_int=\count106
\g_tmpb_int=\count107
L3 Module: l3quark 2014/08/23 v5354 L3 Quarks
L3 Module: l3prg 2014/08/23 v5354 L3 Control structures
\g__prg_map_int=\count108
L3 Module: l3clist 2014/08/23 v5354 L3 Comma separated lists
L3 Module: l3token 2014/09/15 v5422 L3 Experimental token manipulation
L3 Module: l3prop 2014/08/23 v5354 L3 Property lists
L3 Module: l3msg 2015/02/26 v5537 L3 Messages
L3 Module: l3file 2014/08/24 v5369 L3 File and I/O operations
\l_iow_line_count_int=\count109
\l__iow_target_count_int=\count110
\l__iow_current_line_int=\count111
\l__iow_current_word_int=\count112
\l__iow_current_indentation_int=\count113
L3 Module: l3skip 2014/08/23 v5354 L3 Dimensions and skips
\c_zero_dim=\dimen114
\c_max_dim=\dimen115
\l_tmpa_dim=\dimen116
\l_tmpb_dim=\dimen117
\g_tmpa_dim=\dimen118
\g_tmpb_dim=\dimen119
\c_zero_skip=\skip47
\c_max_skip=\skip48
\l_tmpa_skip=\skip49
\l_tmpb_skip=\skip50
\g_tmpa_skip=\skip51
\g_tmpb_skip=\skip52
\c_zero_muskip=\muskip11
\c_max_muskip=\muskip12
\l_tmpa_muskip=\muskip13
\l_tmpb_muskip=\muskip14
\g_tmpa_muskip=\muskip15
\g_tmpb_muskip=\muskip16
L3 Module: l3keys 2015/01/27 v5500 L3 Key-value interfaces
\g__keyval_level_int=\count114
\l_keys_choice_int=\count115
L3 Module: l3fp 2014/08/22 v5336 L3 Floating points
\c__fp_leading_shift_int=\count116
\c__fp_middle_shift_int=\count117
\c__fp_trailing_shift_int=\count118
\c__fp_big_leading_shift_int=\count119
\c__fp_big_middle_shift_int=\count120
\c__fp_big_trailing_shift_int=\count121
\c__fp_Bigg_leading_shift_int=\count122
\c__fp_Bigg_middle_shift_int=\count123
\c__fp_Bigg_trailing_shift_int=\count124
L3 Module: l3box 2014/08/23 v5354 L3 Experimental boxes
\c_empty_box=\box29
\l_tmpa_box=\box30
\l_tmpb_box=\box31
\g_tmpa_box=\box32
\g_tmpb_box=\box33
L3 Module: l3coffins 2014/08/23 v5354 L3 Coffin code layer
\l__coffin_internal_box=\box34
\l__coffin_internal_dim=\dimen120
\l__coffin_offset_x_dim=\dimen121
\l__coffin_offset_y_dim=\dimen122
\l__coffin_x_dim=\dimen123
\l__coffin_y_dim=\dimen124
\l__coffin_x_prime_dim=\dimen125
\l__coffin_y_prime_dim=\dimen126
\c_empty_coffin=\box35
\l__coffin_aligned_coffin=\box36
\l__coffin_aligned_internal_coffin=\box37
\l_tmpa_coffin=\box38
\l_tmpb_coffin=\box39
\l__coffin_display_coffin=\box40
\l__coffin_display_coord_coffin=\box41
\l__coffin_display_pole_coffin=\box42
\l__coffin_display_offset_dim=\dimen127
\l__coffin_display_x_dim=\dimen128
\l__coffin_display_y_dim=\dimen129
L3 Module: l3color 2014/08/23 v5354 L3 Experimental color support
L3 Module: l3candidates 2015/03/01 v5544 L3 Experimental additions to l3kernel
\l__box_top_dim=\dimen130
\l__box_bottom_dim=\dimen131
\l__box_left_dim=\dimen132
\l__box_right_dim=\dimen133
\l__box_top_new_dim=\dimen134
\l__box_bottom_new_dim=\dimen135
\l__box_left_new_dim=\dimen136
\l__box_right_new_dim=\dimen137
\l__box_internal_box=\box43
\l__coffin_bounding_shift_dim=\dimen138
\l__coffin_left_corner_dim=\dimen139
\l__coffin_right_corner_dim=\dimen140
\l__coffin_bottom_corner_dim=\dimen141
\l__coffin_top_corner_dim=\dimen142
\l__coffin_scaled_total_height_dim=\dimen143
\l__coffin_scaled_width_dim=\dimen144
)
(C:\Users\Samson\AppData\Roaming\MiKTeX\2.9\tex\latex\l3kernel\l3unicode-data.def
File: l3unicode-data.def 2015/03/01 v5544 L3 Unicode data
)
(C:\Users\Samson\AppData\Roaming\MiKTeX\2.9\tex\latex\l3kernel\l3pdfmode.def
File: l3pdfmode.def 2015/03/01 v5544 L3 Experimental driver: PDF mode
\l__driver_color_stack_int=\count125
))
Package: xparse 2014/11/25 v5471 L3 Experimental document command parser
\l__xparse_current_arg_int=\count126
\l__xparse_m_args_int=\count127
\l__xparse_mandatory_args_int=\count128
\l__xparse_processor_int=\count129
\l__xparse_v_nesting_int=\count130
)
(C:\Users\Samson\AppData\Roaming\MiKTeX\2.9\tex\latex\etoolbox\etoolbox.sty
Package: etoolbox 2015/03/19 v2.1d e-TeX tools for LaTeX (JAW)
\etb@tempcnta=\count131
)
("C:\Program Files\MiKTeX 2.9\tex/latex\oberdiek\zref-abspage.sty"
Package: zref-abspage 2012/04/04 v2.24 Module abspage for zref (HO)

("C:\Program Files\MiKTeX 2.9\tex/latex\oberdiek\zref-base.sty"
Package: zref-base 2012/04/04 v2.24 Module base for zref (HO)

("C:\Program Files\MiKTeX 2.9\tex/generic\oberdiek\kvdefinekeys.sty"
Package: kvdefinekeys 2011/04/07 v1.3 Define keys (HO)
)
("C:\Program Files\MiKTeX 2.9\tex/generic\oberdiek\pdftexcmds.sty"
Package: pdftexcmds 2011/11/29 v0.20 Utility functions of pdfTeX for LuaTeX (HO)

("C:\Program Files\MiKTeX 2.9\tex/generic\oberdiek\ifpdf.sty"
Package: ifpdf 2011/01/30 v2.3 Provides the ifpdf switch (HO)
Package ifpdf Info: pdfTeX in PDF mode is detected.
)
Package pdftexcmds Info: LuaTeX not detected.
Package pdftexcmds Info: \pdf@primitive is available.
Package pdftexcmds Info: \pdf@ifprimitive is available.
Package pdftexcmds Info: \pdfdraftmode found.
)
("C:\Program Files\MiKTeX 2.9\tex/latex\oberdiek\auxhook.sty"
Package: auxhook 2011/03/04 v1.3 Hooks for auxiliary files (HO)
)
Package zref Info: New property list: main on input line 759.
Package zref Info: New property: default on input line 760.
Package zref Info: New property: page on input line 761.
)
("C:\Program Files\MiKTeX 2.9\tex/generic\oberdiek\atbegshi.sty"
Package: atbegshi 2011/10/05 v1.16 At begin shipout hook (HO)
)
\c@abspage=\count132
Package zref Info: New property: abspage on input line 62.
)
(C:\Users\Samson\AppData\Roaming\MiKTeX\2.9\tex\latex\needspace\needspace.sty
Package: needspace 2010/09/12 v1.3d reserve vertical space
)
\mdf@templength=\skip53
\c@mdf@globalstyle@cnt=\count133
\mdf@skipabove@length=\skip54
\mdf@skipbelow@length=\skip55
\mdf@leftmargin@length=\skip56
\mdf@rightmargin@length=\skip57
\mdf@innerleftmargin@length=\skip58
\mdf@innerrightmargin@length=\skip59
\mdf@innertopmargin@length=\skip60
\mdf@innerbottommargin@length=\skip61
\mdf@splittopskip@length=\skip62
\mdf@splitbottomskip@length=\skip63
\mdf@outermargin@length=\skip64
\mdf@innermargin@length=\skip65
\mdf@linewidth@length=\skip66
\mdf@innerlinewidth@length=\skip67
\mdf@middlelinewidth@length=\skip68
\mdf@outerlinewidth@length=\skip69
\mdf@roundcorner@length=\skip70
\mdf@footenotedistance@length=\skip71
\mdf@userdefinedwidth@length=\skip72
\mdf@needspace@length=\skip73
\mdf@frametitleaboveskip@length=\skip74
\mdf@frametitlebelowskip@length=\skip75
\mdf@frametitlerulewidth@length=\skip76
\mdf@frametitleleftmargin@length=\skip77
\mdf@frametitlerightmargin@length=\skip78
\mdf@shadowsize@length=\skip79
\mdf@extratopheight@length=\skip80
\mdf@subtitleabovelinewidth@length=\skip81
\mdf@subtitlebelowlinewidth@length=\skip82
\mdf@subtitleaboveskip@length=\skip83
\mdf@subtitlebelowskip@length=\skip84
\mdf@subtitleinneraboveskip@length=\skip85
\mdf@subtitleinnerbelowskip@length=\skip86
\mdf@subsubtitleabovelinewidth@length=\skip87
\mdf@subsubtitlebelowlinewidth@length=\skip88
\mdf@subsubtitleaboveskip@length=\skip89
\mdf@subsubtitlebelowskip@length=\skip90
\mdf@subsubtitleinneraboveskip@length=\skip91
\mdf@subsubtitleinnerbelowskip@length=\skip92

("C:\Program Files\MiKTeX 2.9\tex/latex\pgf\frontendlayer\tikz.sty"
("C:\Program Files\MiKTeX 2.9\tex/latex\pgf\basiclayer\pgf.sty"
("C:\Program Files\MiKTeX 2.9\tex/latex\pgf\utilities\pgfrcs.sty"
("C:\Program Files\MiKTeX 2.9\tex/generic\pgf\utilities\pgfutil-common.tex"
\pgfutil@everybye=\toks22
)
("C:\Program Files\MiKTeX 2.9\tex/generic\pgf\utilities\pgfutil-latex.def"
\pgfutil@abb=\box44

("C:\Program Files\MiKTeX 2.9\tex/latex\ms\everyshi.sty"
Package: everyshi 2001/05/15 v3.00 EveryShipout Package (MS)
))
("C:\Program Files\MiKTeX 2.9\tex/generic\pgf\utilities\pgfrcs.code.tex"
Package: pgfrcs 2010/10/25 v2.10 (rcs-revision 1.24)
))
Package: pgf 2008/01/15 v2.10 (rcs-revision 1.12)

("C:\Program Files\MiKTeX 2.9\tex/latex\pgf\basiclayer\pgfcore.sty"
("C:\Program Files\MiKTeX 2.9\tex/latex\graphics\graphicx.sty"
Package: graphicx 1999/02/16 v1.0f Enhanced LaTeX Graphics (DPC,SPQR)

("C:\Program Files\MiKTeX 2.9\tex/latex\graphics\graphics.sty"
Package: graphics 2009/02/05 v1.0o Standard LaTeX Graphics (DPC,SPQR)
 ("C:\Program Files\MiKTeX 2.9\tex/latex\graphics\trig.sty"
Package: trig 1999/03/16 v1.09 sin cos tan (DPC)
) ("C:\Program Files\MiKTeX 2.9\tex/latex\00miktex\graphics.cfg"
File: graphics.cfg 2007/01/18 v1.5 graphics configuration of teTeX/TeXLive
)
Package graphics Info: Driver file: pdftex.def on input line 91.
)
\Gin@req@height=\dimen145
\Gin@req@width=\dimen146
)
("C:\Program Files\MiKTeX 2.9\tex/latex\pgf\systemlayer\pgfsys.sty"
("C:\Program Files\MiKTeX 2.9\tex/generic\pgf\systemlayer\pgfsys.code.tex"
Package: pgfsys 2010/06/30 v2.10 (rcs-revision 1.37)

("C:\Program Files\MiKTeX 2.9\tex/generic\pgf\utilities\pgfkeys.code.tex"
\pgfkeys@pathtoks=\toks23
\pgfkeys@temptoks=\toks24

("C:\Program Files\MiKTeX 2.9\tex/generic\pgf\utilities\pgfkeysfiltered.code.tex"
\pgfkeys@tmptoks=\toks25
))
\pgf@x=\dimen147
\pgf@y=\dimen148
\pgf@xa=\dimen149
\pgf@ya=\dimen150
\pgf@xb=\dimen151
\pgf@yb=\dimen152
\pgf@xc=\dimen153
\pgf@yc=\dimen154
\w@pgf@writea=\write3
\r@pgf@reada=\read1
\c@pgf@counta=\count134
\c@pgf@countb=\count135
\c@pgf@countc=\count136
\c@pgf@countd=\count137

("C:\Program Files\MiKTeX 2.9\tex/generic\pgf\systemlayer\pgf.cfg"
File: pgf.cfg 2008/05/14  (rcs-revision 1.7)
)
Package pgfsys Info: Driver file for pgf: pgfsys-pdftex.def on input line 900.

("C:\Program Files\MiKTeX 2.9\tex/generic\pgf\systemlayer\pgfsys-pdftex.def"
File: pgfsys-pdftex.def 2009/05/22  (rcs-revision 1.26)

("C:\Program Files\MiKTeX 2.9\tex/generic\pgf\systemlayer\pgfsys-common-pdf.def"
File: pgfsys-common-pdf.def 2008/05/19  (rcs-revision 1.10)
)))
("C:\Program Files\MiKTeX 2.9\tex/generic\pgf\systemlayer\pgfsyssoftpath.code.tex"
File: pgfsyssoftpath.code.tex 2008/07/18  (rcs-revision 1.7)
\pgfsyssoftpath@smallbuffer@items=\count138
\pgfsyssoftpath@bigbuffer@items=\count139
)
("C:\Program Files\MiKTeX 2.9\tex/generic\pgf\systemlayer\pgfsysprotocol.code.tex"
File: pgfsysprotocol.code.tex 2006/10/16  (rcs-revision 1.4)
))
("C:\Program Files\MiKTeX 2.9\tex/latex\xcolor\xcolor.sty"
Package: xcolor 2007/01/21 v2.11 LaTeX color extensions (UK)
 ("C:\Program Files\MiKTeX 2.9\tex/latex\00miktex\color.cfg"
File: color.cfg 2007/01/18 v1.5 color configuration of teTeX/TeXLive
)
Package xcolor Info: Driver file: pdftex.def on input line 225.
LaTeX Info: Redefining \color on input line 702.
Package xcolor Info: Model `cmy' substituted by `cmy0' on input line 1337.
Package xcolor Info: Model `hsb' substituted by `rgb' on input line 1341.
Package xcolor Info: Model `RGB' extended on input line 1353.
Package xcolor Info: Model `HTML' substituted by `rgb' on input line 1355.
Package xcolor Info: Model `Hsb' substituted by `hsb' on input line 1356.
Package xcolor Info: Model `tHsb' substituted by `hsb' on input line 1357.
Package xcolor Info: Model `HSB' substituted by `hsb' on input line 1358.
Package xcolor Info: Model `Gray' substituted by `gray' on input line 1359.
Package xcolor Info: Model `wave' substituted by `hsb' on input line 1360.
) ("C:\Program Files\MiKTeX 2.9\tex/generic\pgf\basiclayer\pgfcore.code.tex"
Package: pgfcore 2010/04/11 v2.10 (rcs-revision 1.7)

("C:\Program Files\MiKTeX 2.9\tex/generic\pgf\math\pgfmath.code.tex"
("C:\Program Files\MiKTeX 2.9\tex/generic\pgf\math\pgfmathcalc.code.tex"
("C:\Program Files\MiKTeX 2.9\tex/generic\pgf\math\pgfmathutil.code.tex")
("C:\Program Files\MiKTeX 2.9\tex/generic\pgf\math\pgfmathparser.code.tex"
\pgfmath@dimen=\dimen155
\pgfmath@count=\count140
\pgfmath@box=\box45
\pgfmath@toks=\toks26
\pgfmath@stack@operand=\toks27
\pgfmath@stack@operation=\toks28
)
("C:\Program Files\MiKTeX 2.9\tex/generic\pgf\math\pgfmathfunctions.code.tex"
("C:\Program Files\MiKTeX 2.9\tex/generic\pgf\math\pgfmathfunctions.basic.code.tex")
("C:\Program Files\MiKTeX 2.9\tex/generic\pgf\math\pgfmathfunctions.trigonometric.code.tex")
("C:\Program Files\MiKTeX 2.9\tex/generic\pgf\math\pgfmathfunctions.random.code.tex")
("C:\Program Files\MiKTeX 2.9\tex/generic\pgf\math\pgfmathfunctions.comparison.code.tex")
("C:\Program Files\MiKTeX 2.9\tex/generic\pgf\math\pgfmathfunctions.base.code.tex")
("C:\Program Files\MiKTeX 2.9\tex/generic\pgf\math\pgfmathfunctions.round.code.tex")
("C:\Program Files\MiKTeX 2.9\tex/generic\pgf\math\pgfmathfunctions.misc.code.tex")))
("C:\Program Files\MiKTeX 2.9\tex/generic\pgf\math\pgfmathfloat.code.tex"
\c@pgfmathroundto@lastzeros=\count141
))
("C:\Program Files\MiKTeX 2.9\tex/generic\pgf\basiclayer\pgfcorepoints.code.tex"
File: pgfcorepoints.code.tex 2010/04/09  (rcs-revision 1.20)
\pgf@picminx=\dimen156
\pgf@picmaxx=\dimen157
\pgf@picminy=\dimen158
\pgf@picmaxy=\dimen159
\pgf@pathminx=\dimen160
\pgf@pathmaxx=\dimen161
\pgf@pathminy=\dimen162
\pgf@pathmaxy=\dimen163
\pgf@xx=\dimen164
\pgf@xy=\dimen165
\pgf@yx=\dimen166
\pgf@yy=\dimen167
\pgf@zx=\dimen168
\pgf@zy=\dimen169
)
("C:\Program Files\MiKTeX 2.9\tex/generic\pgf\basiclayer\pgfcorepathconstruct.code.tex"
File: pgfcorepathconstruct.code.tex 2010/08/03  (rcs-revision 1.24)
\pgf@path@lastx=\dimen170
\pgf@path@lasty=\dimen171
)
("C:\Program Files\MiKTeX 2.9\tex/generic\pgf\basiclayer\pgfcorepathusage.code.tex"
File: pgfcorepathusage.code.tex 2008/04/22  (rcs-revision 1.12)
\pgf@shorten@end@additional=\dimen172
\pgf@shorten@start@additional=\dimen173
)
("C:\Program Files\MiKTeX 2.9\tex/generic\pgf\basiclayer\pgfcorescopes.code.tex"
File: pgfcorescopes.code.tex 2010/09/08  (rcs-revision 1.34)
\pgfpic=\box46
\pgf@hbox=\box47
\pgf@layerbox@main=\box48
\pgf@picture@serial@count=\count142
)
("C:\Program Files\MiKTeX 2.9\tex/generic\pgf\basiclayer\pgfcoregraphicstate.code.tex"
File: pgfcoregraphicstate.code.tex 2008/04/22  (rcs-revision 1.9)
\pgflinewidth=\dimen174
)
("C:\Program Files\MiKTeX 2.9\tex/generic\pgf\basiclayer\pgfcoretransformations.code.tex"
File: pgfcoretransformations.code.tex 2009/06/10  (rcs-revision 1.11)
\pgf@pt@x=\dimen175
\pgf@pt@y=\dimen176
\pgf@pt@temp=\dimen177
)
("C:\Program Files\MiKTeX 2.9\tex/generic\pgf\basiclayer\pgfcorequick.code.tex"
File: pgfcorequick.code.tex 2008/10/09  (rcs-revision 1.3)
)
("C:\Program Files\MiKTeX 2.9\tex/generic\pgf\basiclayer\pgfcoreobjects.code.tex"
File: pgfcoreobjects.code.tex 2006/10/11  (rcs-revision 1.2)
)
("C:\Program Files\MiKTeX 2.9\tex/generic\pgf\basiclayer\pgfcorepathprocessing.code.tex"
File: pgfcorepathprocessing.code.tex 2008/10/09  (rcs-revision 1.8)
)
("C:\Program Files\MiKTeX 2.9\tex/generic\pgf\basiclayer\pgfcorearrows.code.tex"
File: pgfcorearrows.code.tex 2008/04/23  (rcs-revision 1.11)
)
("C:\Program Files\MiKTeX 2.9\tex/generic\pgf\basiclayer\pgfcoreshade.code.tex"
File: pgfcoreshade.code.tex 2008/11/23  (rcs-revision 1.13)
\pgf@max=\dimen178
\pgf@sys@shading@range@num=\count143
)
("C:\Program Files\MiKTeX 2.9\tex/generic\pgf\basiclayer\pgfcoreimage.code.tex"
File: pgfcoreimage.code.tex 2010/03/25  (rcs-revision 1.16)

("C:\Program Files\MiKTeX 2.9\tex/generic\pgf\basiclayer\pgfcoreexternal.code.tex"
File: pgfcoreexternal.code.tex 2010/09/01  (rcs-revision 1.17)
\pgfexternal@startupbox=\box49
))
("C:\Program Files\MiKTeX 2.9\tex/generic\pgf\basiclayer\pgfcorelayers.code.tex"
File: pgfcorelayers.code.tex 2010/08/27  (rcs-revision 1.2)
)
("C:\Program Files\MiKTeX 2.9\tex/generic\pgf\basiclayer\pgfcoretransparency.code.tex"
File: pgfcoretransparency.code.tex 2008/01/17  (rcs-revision 1.2)
)
("C:\Program Files\MiKTeX 2.9\tex/generic\pgf\basiclayer\pgfcorepatterns.code.tex"
File: pgfcorepatterns.code.tex 2009/07/02  (rcs-revision 1.3)
)))
("C:\Program Files\MiKTeX 2.9\tex/generic\pgf\modules\pgfmoduleshapes.code.tex"
File: pgfmoduleshapes.code.tex 2010/09/09  (rcs-revision 1.13)
\pgfnodeparttextbox=\box50
)
("C:\Program Files\MiKTeX 2.9\tex/generic\pgf\modules\pgfmoduleplot.code.tex"
File: pgfmoduleplot.code.tex 2010/10/22  (rcs-revision 1.8)
)
("C:\Program Files\MiKTeX 2.9\tex/latex\pgf\compatibility\pgfcomp-version-0-65.sty"
Package: pgfcomp-version-0-65 2007/07/03 v2.10 (rcs-revision 1.7)
\pgf@nodesepstart=\dimen179
\pgf@nodesepend=\dimen180
)
("C:\Program Files\MiKTeX 2.9\tex/latex\pgf\compatibility\pgfcomp-version-1-18.sty"
Package: pgfcomp-version-1-18 2007/07/23 v2.10 (rcs-revision 1.1)
))
("C:\Program Files\MiKTeX 2.9\tex/latex\pgf\utilities\pgffor.sty"
("C:\Program Files\MiKTeX 2.9\tex/latex\pgf\utilities\pgfkeys.sty"
("C:\Program Files\MiKTeX 2.9\tex/generic\pgf\utilities\pgfkeys.code.tex"))
("C:\Program Files\MiKTeX 2.9\tex/generic\pgf\utilities\pgffor.code.tex"
Package: pgffor 2010/03/23 v2.10 (rcs-revision 1.18)
\pgffor@iter=\dimen181
\pgffor@skip=\dimen182
\pgffor@stack=\toks29
\pgffor@toks=\toks30
))
("C:\Program Files\MiKTeX 2.9\tex/generic\pgf\frontendlayer\tikz\tikz.code.tex"
Package: tikz 2010/10/13 v2.10 (rcs-revision 1.76)

("C:\Program Files\MiKTeX 2.9\tex/generic\pgf\libraries\pgflibraryplothandlers.code.tex"
File: pgflibraryplothandlers.code.tex 2010/05/31 v2.10 (rcs-revision 1.15)
\pgf@plot@mark@count=\count144
\pgfplotmarksize=\dimen183
)
\tikz@lastx=\dimen184
\tikz@lasty=\dimen185
\tikz@lastxsaved=\dimen186
\tikz@lastysaved=\dimen187
\tikzleveldistance=\dimen188
\tikzsiblingdistance=\dimen189
\tikz@figbox=\box51
\tikz@tempbox=\box52
\tikztreelevel=\count145
\tikznumberofchildren=\count146
\tikznumberofcurrentchild=\count147
\tikz@fig@count=\count148

("C:\Program Files\MiKTeX 2.9\tex/generic\pgf\modules\pgfmodulematrix.code.tex"
File: pgfmodulematrix.code.tex 2010/08/24  (rcs-revision 1.4)
\pgfmatrixcurrentrow=\count149
\pgfmatrixcurrentcolumn=\count150
\pgf@matrix@numberofcolumns=\count151
)
\tikz@expandcount=\count152

("C:\Program Files\MiKTeX 2.9\tex/generic\pgf\frontendlayer\tikz\libraries\tikzlibrarytopaths.code.tex"
File: tikzlibrarytopaths.code.tex 2008/06/17 v2.10 (rcs-revision 1.2)
)))
(C:\Users\Samson\AppData\Roaming\MiKTeX\2.9\tex\latex\mdframed\md-frame-1.mdf
File: md-frame-1.mdf 2013/07/01\ 1.9b: md-frame-1
)
\mdf@frametitlebox=\box53
\mdf@footnotebox=\box54
\mdf@splitbox@one=\box55
\mdf@splitbox@two=\box56
\mdf@splitbox@save=\box57
\mdfsplitboxwidth=\skip93
\mdfsplitboxtotalwidth=\skip94
\mdfsplitboxheight=\skip95
\mdfsplitboxdepth=\skip96
\mdfsplitboxtotalheight=\skip97
\mdfframetitleboxwidth=\skip98
\mdfframetitleboxtotalwidth=\skip99
\mdfframetitleboxheight=\skip100
\mdfframetitleboxdepth=\skip101
\mdfframetitleboxtotalheight=\skip102
\mdffootnoteboxwidth=\skip103
\mdffootnoteboxtotalwidth=\skip104
\mdffootnoteboxheight=\skip105
\mdffootnoteboxdepth=\skip106
\mdffootnoteboxtotalheight=\skip107
\mdftotallinewidth=\skip108
\mdfboundingboxwidth=\skip109
\mdfboundingboxtotalwidth=\skip110
\mdfboundingboxheight=\skip111
\mdfboundingboxdepth=\skip112
\mdfboundingboxtotalheight=\skip113
\mdf@freevspace@length=\skip114
\mdf@horizontalwidthofbox@length=\skip115
\mdf@verticalmarginwhole@length=\skip116
\mdf@horizontalspaceofbox=\skip117
\mdfsubtitleheight=\skip118
\mdfsubsubtitleheight=\skip119
\c@mdfcountframes=\count153

****** mdframed patching \endmdf@trivlist

****** -- success******

.................................................
. LaTeX info: "xparse/define-command"
. 
. Defining command \newmdtheoremenv with sig. 'O{} m o m o ' on line 601.
.................................................
.................................................
. LaTeX info: "xparse/define-command"
. 
. Defining command \mdtheorem with sig. ' O{} m o m o ' on line 701.
.................................................
\mdf@envdepth=\count154
\c@mdf@env@i=\count155
\c@mdf@env@ii=\count156
\c@mdf@zref@counter=\count157
Package zref Info: New property: mdf@pagevalue on input line 895.
)
(C:\Users\Samson\AppData\Roaming\MiKTeX\2.9\tex\latex\algorithms\algorithm.sty
Package: algorithm 2009/08/24 v0.1 Document Style `algorithm' - floating environment

("C:\Program Files\MiKTeX 2.9\tex/latex\float\float.sty"
Package: float 2001/11/08 v1.3d Float enhancements (AL)
\c@float@type=\count158
\float@exts=\toks31
\float@box=\box58
\@float@everytoks=\toks32
\@floatcapt=\box59
) ("C:\Program Files\MiKTeX 2.9\tex/latex\base\ifthen.sty"
Package: ifthen 2001/05/26 v1.1c Standard LaTeX ifthen package (DPC)
)
\@float@every@algorithm=\toks33
\c@algorithm=\count159
)
(C:\Users\Samson\AppData\Roaming\MiKTeX\2.9\tex\latex\algorithmicx\algpseudocode.sty
Package: algpseudocode 

(C:\Users\Samson\AppData\Roaming\MiKTeX\2.9\tex\latex\algorithmicx\algorithmicx.sty
Package: algorithmicx 2005/04/27 v1.2 Algorithmicx

Document Style algorithmicx 1.2 - a greatly improved `algorithmic' style
\c@ALG@line=\count160
\c@ALG@rem=\count161
\c@ALG@nested=\count162
\ALG@tlm=\skip120
\ALG@thistlm=\skip121
\c@ALG@Lnr=\count163
\c@ALG@blocknr=\count164
\c@ALG@storecount=\count165
\c@ALG@tmpcounter=\count166
\ALG@tmplength=\skip122
)
Document Style - pseudocode environments for use with the `algorithmicx' style
) ("C:\Users\Samson\Dropbox\Research\Parametric Max-min\Notes.aux")
LaTeX Font Info:    Checking defaults for OML/cmm/m/it on input line 22.
LaTeX Font Info:    ... okay on input line 22.
LaTeX Font Info:    Checking defaults for T1/cmr/m/n on input line 22.
LaTeX Font Info:    ... okay on input line 22.
LaTeX Font Info:    Checking defaults for OT1/cmr/m/n on input line 22.
LaTeX Font Info:    ... okay on input line 22.
LaTeX Font Info:    Checking defaults for OMS/cmsy/m/n on input line 22.
LaTeX Font Info:    ... okay on input line 22.
LaTeX Font Info:    Checking defaults for OMX/cmex/m/n on input line 22.
LaTeX Font Info:    ... okay on input line 22.
LaTeX Font Info:    Checking defaults for U/cmr/m/n on input line 22.
LaTeX Font Info:    ... okay on input line 22.

("C:\Program Files\MiKTeX 2.9\tex\context\base\supp-pdf.mkii"
[Loading MPS to PDF converter (version 2006.09.02).]
\scratchcounter=\count167
\scratchdimen=\dimen190
\scratchbox=\box60
\nofMPsegments=\count168
\nofMParguments=\count169
\everyMPshowfont=\toks34
\MPscratchCnt=\count170
\MPscratchDim=\dimen191
\MPnumerator=\count171
\makeMPintoPDFobject=\count172
\everyMPtoPDFconversion=\toks35
)
\AtBeginShipoutBox=\box61
 ABD: EveryShipout initializing macros ("C:\Users\Samson\Dropbox\Research\Parametric Max-min\preamble.tex"
\c@theorem=\count173
)
LaTeX Font Info:    Try loading font information for U+msa on input line 31.

("C:\Program Files\MiKTeX 2.9\tex/latex\amsfonts\umsa.fd"
File: umsa.fd 2013/01/14 v3.01 AMS symbols A
)
LaTeX Font Info:    Try loading font information for U+msb on input line 31.
 ("C:\Program Files\MiKTeX 2.9\tex/latex\amsfonts\umsb.fd"
File: umsb.fd 2013/01/14 v3.01 AMS symbols B
)
[1

{C:/Users/Samson/AppData/Local/MiKTeX/2.9/pdftex/config/pdftex.map}] [2] [3] [4] [5] [6] [7] [8] [9] [10] [11]
[12] [13] [14] [15] ("C:\Users\Samson\Dropbox\Research\Parametric Max-min\Notes.aux") ) 
Here is how much of TeX's memory you used:
 18781 strings out of 495352
 355128 string characters out of 3183043
 386421 words of memory out of 3000000
 21654 multiletter control sequences out of 15000+200000
 9298 words of font info for 35 fonts, out of 3000000 for 9000
 14 hyphenation exceptions out of 8191
 68i,6n,65p,10416b,338s stack positions out of 5000i,500n,10000p,200000b,50000s
<C:/Program Files/MiKTeX 2.9/font
s/type1/public/amsfonts/cm/cmbx12.pfb><C:/Program Files/MiKTeX 2.9/fonts/type1/public/amsfonts/cm/cmbxti10.pfb><C:/Progr
am Files/MiKTeX 2.9/fonts/type1/public/amsfonts/cm/cmex10.pfb><C:/Program Files/MiKTeX 2.9/fonts/type1/public/amsfonts/c
m/cmmi12.pfb><C:/Program Files/MiKTeX 2.9/fonts/type1/public/amsfonts/cm/cmmi6.pfb><C:/Program Files/MiKTeX 2.9/fonts/ty
pe1/public/amsfonts/cm/cmmi8.pfb><C:/Program Files/MiKTeX 2.9/fonts/type1/public/amsfonts/cm/cmr10.pfb><C:/Program Files
/MiKTeX 2.9/fonts/type1/public/amsfonts/cm/cmr12.pfb><C:/Program Files/MiKTeX 2.9/fonts/type1/public/amsfonts/cm/cmr6.pf
b><C:/Program Files/MiKTeX 2.9/fonts/type1/public/amsfonts/cm/cmr8.pfb><C:/Program Files/MiKTeX 2.9/fonts/type1/public/a
msfonts/cm/cmsy10.pfb><C:/Program Files/MiKTeX 2.9/fonts/type1/public/amsfonts/cm/cmsy6.pfb><C:/Program Files/MiKTeX 2.9
/fonts/type1/public/amsfonts/cm/cmsy8.pfb><C:/Program Files/MiKTeX 2.9/fonts/type1/public/amsfonts/cm/cmti12.pfb>
Output written on Notes.pdf (15 pages, 180980 bytes).
PDF statistics:
 110 PDF objects out of 1000 (max. 8388607)
 0 named destinations out of 1000 (max. 500000)
 13 words of extra memory for PDF output out of 10000 (max. 10000000)

